<?xml version="1.0" encoding="UTF-8"?>
<!-- Generated by org.testng.reporters.JUnitXMLReporter -->
<testsuite ignored="0" hostname="EC2AMAZ-EHR6SVV" failures="0" tests="7" name="Default test" time="8.022" errors="0" timestamp="2024-12-26T12:13:53 IST">
  <testcase classname="com.spree.test.Countries" name="T01_getDefaultCountries" time="2.613"/>
  <testcase classname="com.spree.test.Countries" name="T02_retrieveaCountry" time="0.507"/>
  <testcase classname="com.spree.test.Countries" name="T02_retrieveaCountry" time="1.003"/>
  <testcase classname="com.spree.test.Countries" name="T02_retrieveaCountry" time="0.425"/>
  <testcase classname="com.spree.test.Countries" name="T02_retrieveaCountry" time="0.431"/>
  <testcase classname="com.spree.test.Countries" name="T02_retrieveaCountry" time="0.464"/>
  <testcase classname="com.spree.test.Countries" name="T03_listallCountries" time="1.451"/>
</testsuite> <!-- Default test -->
